[0.492s] Invoking command in '/home/garage/ros2_ws/build/my_robot_controller': PYTHONPATH=/home/garage/ros2_ws/build/my_robot_controller/prefix_override:/home/garage/ros2_ws/install/my_robot_controller/lib/python3.10/site-packages:${PYTHONPATH} /usr/bin/python3 setup.py develop --editable --build-directory /home/garage/ros2_ws/build/my_robot_controller/build --no-deps install_data
[0.651s] running develop
[0.743s] running egg_info
[0.743s] writing my_robot_controller.egg-info/PKG-INFO
[0.743s] writing dependency_links to my_robot_controller.egg-info/dependency_links.txt
[0.743s] writing entry points to my_robot_controller.egg-info/entry_points.txt
[0.743s] writing requirements to my_robot_controller.egg-info/requires.txt
[0.744s] writing top-level names to my_robot_controller.egg-info/top_level.txt
[0.745s] reading manifest file 'my_robot_controller.egg-info/SOURCES.txt'
[0.746s] writing manifest file 'my_robot_controller.egg-info/SOURCES.txt'
[0.746s] running build_ext
[0.747s] Creating /home/garage/ros2_ws/install/my_robot_controller/lib/python3.10/site-packages/my-robot-controller.egg-link (link to .)
[0.747s] Installing draw_circle script to /home/garage/ros2_ws/install/my_robot_controller/lib/my_robot_controller
[0.747s] Installing pose_subscriber script to /home/garage/ros2_ws/install/my_robot_controller/lib/my_robot_controller
[0.747s] Installing test_node script to /home/garage/ros2_ws/install/my_robot_controller/lib/my_robot_controller
[0.747s] Installing turtle_controller script to /home/garage/ros2_ws/install/my_robot_controller/lib/my_robot_controller
[0.747s] 
[0.747s] Installed /home/garage/ros2_ws/build/my_robot_controller
[0.747s] running install_data
[0.768s] Invoked command in '/home/garage/ros2_ws/build/my_robot_controller' returned '0': PYTHONPATH=/home/garage/ros2_ws/build/my_robot_controller/prefix_override:/home/garage/ros2_ws/install/my_robot_controller/lib/python3.10/site-packages:${PYTHONPATH} /usr/bin/python3 setup.py develop --editable --build-directory /home/garage/ros2_ws/build/my_robot_controller/build --no-deps install_data
