[0.440s] Invoking command in '/home/garage/ros2_ws/src/my_robot_controller': PYTHONPATH=/home/garage/ros2_ws/build/my_robot_controller/prefix_override:/home/garage/ros2_ws/install/my_robot_controller/lib/python3.10/site-packages:${PYTHONPATH} /usr/bin/python3 setup.py egg_info --egg-base ../../build/my_robot_controller build --build-base /home/garage/ros2_ws/build/my_robot_controller/build install --record /home/garage/ros2_ws/build/my_robot_controller/install.log --single-version-externally-managed
[0.574s] running egg_info
[0.575s] creating ../../build/my_robot_controller/my_robot_controller.egg-info
[0.575s] writing ../../build/my_robot_controller/my_robot_controller.egg-info/PKG-INFO
[0.575s] writing dependency_links to ../../build/my_robot_controller/my_robot_controller.egg-info/dependency_links.txt
[0.575s] writing entry points to ../../build/my_robot_controller/my_robot_controller.egg-info/entry_points.txt
[0.575s] writing requirements to ../../build/my_robot_controller/my_robot_controller.egg-info/requires.txt
[0.575s] writing top-level names to ../../build/my_robot_controller/my_robot_controller.egg-info/top_level.txt
[0.575s] writing manifest file '../../build/my_robot_controller/my_robot_controller.egg-info/SOURCES.txt'
[0.576s] reading manifest file '../../build/my_robot_controller/my_robot_controller.egg-info/SOURCES.txt'
[0.577s] writing manifest file '../../build/my_robot_controller/my_robot_controller.egg-info/SOURCES.txt'
[0.577s] running build
[0.577s] running build_py
[0.577s] creating /home/garage/ros2_ws/build/my_robot_controller/build
[0.577s] creating /home/garage/ros2_ws/build/my_robot_controller/build/lib
[0.577s] creating /home/garage/ros2_ws/build/my_robot_controller/build/lib/my_robot_controller
[0.577s] copying my_robot_controller/__init__.py -> /home/garage/ros2_ws/build/my_robot_controller/build/lib/my_robot_controller
[0.577s] running install
[0.579s] /usr/lib/python3/dist-packages/setuptools/command/install.py:34: SetuptoolsDeprecationWarning: setup.py install is deprecated. Use build and pip and other standards-based tools.
[0.579s]   warnings.warn(
[0.579s] running install_lib
[0.580s] creating /home/garage/ros2_ws/install/my_robot_controller/lib/python3.10/site-packages/my_robot_controller
[0.580s] copying /home/garage/ros2_ws/build/my_robot_controller/build/lib/my_robot_controller/__init__.py -> /home/garage/ros2_ws/install/my_robot_controller/lib/python3.10/site-packages/my_robot_controller
[0.580s] byte-compiling /home/garage/ros2_ws/install/my_robot_controller/lib/python3.10/site-packages/my_robot_controller/__init__.py to __init__.cpython-310.pyc
[0.580s] running install_data
[0.581s] creating /home/garage/ros2_ws/install/my_robot_controller/share/ament_index
[0.581s] creating /home/garage/ros2_ws/install/my_robot_controller/share/ament_index/resource_index
[0.581s] creating /home/garage/ros2_ws/install/my_robot_controller/share/ament_index/resource_index/packages
[0.581s] copying resource/my_robot_controller -> /home/garage/ros2_ws/install/my_robot_controller/share/ament_index/resource_index/packages
[0.581s] copying package.xml -> /home/garage/ros2_ws/install/my_robot_controller/share/my_robot_controller
[0.581s] running install_egg_info
[0.582s] Copying ../../build/my_robot_controller/my_robot_controller.egg-info to /home/garage/ros2_ws/install/my_robot_controller/lib/python3.10/site-packages/my_robot_controller-0.0.0-py3.10.egg-info
[0.583s] running install_scripts
[0.596s] writing list of installed files to '/home/garage/ros2_ws/build/my_robot_controller/install.log'
[0.612s] Invoked command in '/home/garage/ros2_ws/src/my_robot_controller' returned '0': PYTHONPATH=/home/garage/ros2_ws/build/my_robot_controller/prefix_override:/home/garage/ros2_ws/install/my_robot_controller/lib/python3.10/site-packages:${PYTHONPATH} /usr/bin/python3 setup.py egg_info --egg-base ../../build/my_robot_controller build --build-base /home/garage/ros2_ws/build/my_robot_controller/build install --record /home/garage/ros2_ws/build/my_robot_controller/install.log --single-version-externally-managed
